<?xml version="1.0" encoding="UTF-8"?>
<!-- Generated by org.testng.reporters.JUnitXMLReporter -->
<testsuite ignored="0" hostname="Saurabhs-MacBook-Air.local" failures="0" tests="2" name="Default test" time="13.996" errors="0" timestamp="2025-04-23T04:12:23 IST">
  <testcase classname="Practise_Package.APIResponseCode" name="POST_APIResponseValidation" time="12.809"/>
  <testcase classname="Practise_Package.APIResponseCode" name="PUT_APIResponseValidation" time="1.099"/>
</testsuite> <!-- Default test -->
