<?xml version="1.0" encoding="UTF-8"?>
<!-- Generated by org.testng.reporters.JUnitXMLReporter -->
<testsuite ignored="0" hostname="Saurabhs-MacBook-Air.local" failures="0" tests="3" name="Test" time="0.135" errors="0" timestamp="2025-04-27T09:30:07 IST">
  <testcase classname="TestCases.BaseClass" name="@BeforeClass setupPage" time="0.008">
    <failure type="com.microsoft.playwright.PlaywrightException" message="Playwright connection closed">
      <![CDATA[com.microsoft.playwright.PlaywrightException: Playwright connection closed
at com.microsoft.playwright.impl.PipeTransport.send(PipeTransport.java:50)
at com.microsoft.playwright.impl.Connection.internalSendMessage(Connection.java:168)
at com.microsoft.playwright.impl.Connection.sendMessageAsync(Connection.java:134)
at com.microsoft.playwright.impl.Connection.sendMessage(Connection.java:130)
at com.microsoft.playwright.impl.ChannelOwner.sendMessage(ChannelOwner.java:118)
at com.microsoft.playwright.impl.FrameImpl.navigateImpl(FrameImpl.java:463)
at com.microsoft.playwright.impl.PageImpl.lambda$navigate$47(PageImpl.java:943)
at com.microsoft.playwright.impl.LoggingSupport.withLogging(LoggingSupport.java:47)
at com.microsoft.playwright.impl.ChannelOwner.withLogging(ChannelOwner.java:97)
at com.microsoft.playwright.impl.PageImpl.navigate(PageImpl.java:943)
at com.microsoft.playwright.impl.PageImpl.navigate(PageImpl.java:42)
at com.microsoft.playwright.Page.navigate(Page.java:5491)
at TestCases.BaseClass.setupPage(BaseClass.java:33)
at java.base/java.util.ArrayList.forEach(ArrayList.java:1596)
... Removed 23 stack frames]]>
    </failure>
  </testcase> <!-- @BeforeClass setupPage -->
  <testcase classname="TestCases.BaseClass" name="@AfterClass closePage" time="0.0">
    <skipped/>
  </testcase> <!-- @AfterClass closePage -->
  <testcase classname="Demo.BookStore.Demo_BookStore" name="TestCase_CheckUserName" time="0.0">
    <skipped/>
  </testcase> <!-- TestCase_CheckUserName -->
  <testcase classname="Demo.BookStore.Demo_BookStore" name="TestCase_ChecklogOutbtn" time="0.0">
    <skipped/>
  </testcase> <!-- TestCase_ChecklogOutbtn -->
  <testcase classname="Demo.BookStore.Demo_BookStore" name="TestCase_SearchBookbyKeyWords" time="0.0">
    <skipped/>
  </testcase> <!-- TestCase_SearchBookbyKeyWords -->
</testsuite> <!-- Test -->
