<?xml version="1.0" encoding="UTF-8"?>
<!-- Generated by org.testng.reporters.JUnitXMLReporter -->
<testsuite ignored="0" hostname="Saurabhs-MacBook-Air.local" failures="0" tests="3" name="Test" time="8.536" errors="0" timestamp="2025-04-23T13:23:58 IST">
  <testcase classname="Demo.BookStore.Demo_BookStore" name="TestCase_CheckUserName" time="1.935"/>
  <testcase classname="Demo.BookStore.Demo_BookStore" name="TestCase_ChecklogOutbtn" time="0.047"/>
  <testcase classname="Demo.BookStore.Demo_BookStore" name="TestCase_SearchBookbyKeyWords" time="0.271"/>
</testsuite> <!-- Test -->
