<?xml version="1.0" encoding="UTF-8"?>
<testng-results ignored="0" total="3" passed="3" failed="0" skipped="0">
  <reporter-output>
  </reporter-output>
  <suite started-at="2025-04-23T13:23:49 IST" name="Suite" finished-at="2025-04-23T13:23:58 IST" duration-ms="8536">
    <groups>
    </groups>
    <test started-at="2025-04-23T13:23:49 IST" name="Test" finished-at="2025-04-23T13:23:58 IST" duration-ms="8536">
      <class name="Demo.BookStore.Demo_BookStore">
        <test-method is-config="true" signature="setup()[pri:0, instance:Demo.BookStore.Demo_BookStore@74f0ea28]" started-at="2025-04-23T13:23:37 IST" name="setup" finished-at="2025-04-23T13:23:49 IST" duration-ms="12469" status="PASS">
          <reporter-output>
          </reporter-output>
        </test-method> <!-- setup -->
        <test-method is-config="true" signature="setupPage()[pri:0, instance:Demo.BookStore.Demo_BookStore@74f0ea28]" started-at="2025-04-23T13:23:50 IST" name="setupPage" finished-at="2025-04-23T13:23:56 IST" duration-ms="6144" status="PASS">
          <reporter-output>
          </reporter-output>
        </test-method> <!-- setupPage -->
        <test-method signature="TestCase_CheckUserName()[pri:0, instance:Demo.BookStore.Demo_BookStore@74f0ea28]" started-at="2025-04-23T13:23:56 IST" name="TestCase_CheckUserName" finished-at="2025-04-23T13:23:58 IST" duration-ms="1935" status="PASS">
          <reporter-output>
          </reporter-output>
        </test-method> <!-- TestCase_CheckUserName -->
        <test-method signature="TestCase_ChecklogOutbtn()[pri:0, instance:Demo.BookStore.Demo_BookStore@74f0ea28]" started-at="2025-04-23T13:23:58 IST" name="TestCase_ChecklogOutbtn" finished-at="2025-04-23T13:23:58 IST" duration-ms="47" status="PASS">
          <reporter-output>
          </reporter-output>
        </test-method> <!-- TestCase_ChecklogOutbtn -->
        <test-method signature="TestCase_SearchBookbyKeyWords()[pri:0, instance:Demo.BookStore.Demo_BookStore@74f0ea28]" started-at="2025-04-23T13:23:58 IST" name="TestCase_SearchBookbyKeyWords" finished-at="2025-04-23T13:23:58 IST" duration-ms="271" status="PASS">
          <reporter-output>
          </reporter-output>
        </test-method> <!-- TestCase_SearchBookbyKeyWords -->
        <test-method is-config="true" signature="closePage()[pri:0, instance:Demo.BookStore.Demo_BookStore@74f0ea28]" started-at="2025-04-23T13:23:58 IST" name="closePage" finished-at="2025-04-23T13:23:58 IST" duration-ms="49" status="PASS">
          <reporter-output>
          </reporter-output>
        </test-method> <!-- closePage -->
        <test-method is-config="true" signature="TearDown()[pri:0, instance:Demo.BookStore.Demo_BookStore@74f0ea28]" started-at="2025-04-23T13:23:58 IST" name="TearDown" finished-at="2025-04-23T13:23:58 IST" duration-ms="94" status="PASS">
          <reporter-output>
          </reporter-output>
        </test-method> <!-- TearDown -->
      </class> <!-- Demo.BookStore.Demo_BookStore -->
    </test> <!-- Test -->
  </suite> <!-- Suite -->
</testng-results>
