<?xml version="1.0" encoding="UTF-8"?>
<!-- Generated by org.testng.reporters.JUnitReportReporter -->
<testsuite hostname="Saurabhs-MacBook-Air.local" failures="0" tests="3" name="Demo.BookStore.Demo_BookStore" time="2.253" errors="0" timestamp="2025-04-23T13:23:58 IST" skipped="0">
  <testcase classname="Demo.BookStore.Demo_BookStore" name="TestCase_CheckUserName" time="1.935"/>
  <testcase classname="Demo.BookStore.Demo_BookStore" name="TestCase_SearchBookbyKeyWords" time="0.271"/>
  <testcase classname="Demo.BookStore.Demo_BookStore" name="TestCase_ChecklogOutbtn" time="0.047"/>
</testsuite> <!-- Demo.BookStore.Demo_BookStore -->
