<?xml version="1.0" encoding="UTF-8"?>
<!-- Generated by org.testng.reporters.JUnitReportReporter -->
<testsuite hostname="Saurabhs-MacBook-Air.local" failures="0" tests="2" name="Practise_Package.APIResponseCode" time="13.979" errors="0" timestamp="2025-04-23T15:07:27 IST" skipped="0">
  <testcase classname="Practise_Package.APIResponseCode" name="PUT_APIResponseValidation" time="1.485"/>
  <testcase classname="Practise_Package.APIResponseCode" name="POST_APIResponseValidation" time="12.494"/>
</testsuite> <!-- Practise_Package.APIResponseCode -->
